<?xml version="1.0" encoding="UTF-8"?>
<testsuite xmlns:xsi="http://www.w3.org/2001/XMLSchema-instance" xsi:noNamespaceSchemaLocation="https://maven.apache.org/surefire/maven-surefire-plugin/xsd/surefire-test-report.xsd" name="com.example.randoop.TextbookTests.RegressionTest" time="0.003" tests="5" errors="0" skipped="0" failures="0">
  <properties>
[...]
</properties>
  <testcase name="test1" classname="com.example.randoop.TextbookTests.RegressionTest0" time="0"/>
  <testcase name="test2" classname="com.example.randoop.TextbookTests.RegressionTest0" time="0.001"/>
  <testcase name="test3" classname="com.example.randoop.TextbookTests.RegressionTest0" time="0.001"/>
  <testcase name="test4" classname="com.example.randoop.TextbookTests.RegressionTest0" time="0"/>
  <testcase name="test5" classname="com.example.randoop.TextbookTests.RegressionTest0" time="0.001"/>
</testsuite>